{
  timeStamp: 2023-08-02T20:20:01.339Z,
  level: 'error',
  message: 'update "application" set "modifiedBy" = $1, "modifiedDate" = $2 where "id" = $3 returning * - invalid input syntax for type integer: "14yu" Error received with request body {} and req params {}',
  traceId: '-1',
  timestamp: '2023-08-02T20:20:01.339Z'
}
{
  level: 'error',
  message: `Cannot read property 'replace' of undefined Error received with request body {"tags":[{"user_name":"noor","course_id":"nodejs","quiz_date":"1-3-23"},{"user_name":"noor","course_id":"nodejs","quiz_date":"1-3-23"}],"applicationId":"14","eventId":"1","notificationTypeId":"1"} and req params {"tags":[{"user_name":"noor","course_id":"nodejs","quiz_date":"1-3-23"},{"user_name":"noor","course_id":"nodejs","quiz_date":"1-3-23"}],"applicationId":"14","eventId":"1","notificationTypeId":"1"}`,
  traceId: '-1',
  timestamp: '2023-08-06T03:24:09.265Z'
}
{
  level: 'error',
  message: `Cannot read property 'replace' of undefined Error received with request body {"tags":[{"user_name":"noor","course_id":"nodejs","quiz_date":"1-3-23"},{"user_name":"noor","course_id":"nodejs","quiz_date":"1-3-23"}],"applicationId":"14","eventId":"1","notificationTypeId":"1"} and req params {"tags":[{"user_name":"noor","course_id":"nodejs","quiz_date":"1-3-23"},{"user_name":"noor","course_id":"nodejs","quiz_date":"1-3-23"}],"applicationId":"14","eventId":"1","notificationTypeId":"1"}`,
  traceId: '-1',
  timestamp: '2023-08-06T03:24:55.678Z'
}
{
  level: 'error',
  message: `Cannot read property 'replace' of undefined Error received with request body {"tags":[{"user_name":"noor","course_id":"nodejs","quiz_date":"1-3-23"},{"user_name":"noor","course_id":"nodejs","quiz_date":"1-3-23"}],"applicationId":"14","eventId":"1","notificationTypeId":"2"} and req params {"tags":[{"user_name":"noor","course_id":"nodejs","quiz_date":"1-3-23"},{"user_name":"noor","course_id":"nodejs","quiz_date":"1-3-23"}],"applicationId":"14","eventId":"1","notificationTypeId":"2"}`,
  traceId: '-1',
  timestamp: '2023-08-06T03:25:39.607Z'
}
{
  level: 'error',
  message: `Cannot read property 'replace' of undefined Error received with request body {"tags":[{"user_name":"noor","course_id":"nodejs","quiz_date":"1-3-23"},{"user_name":"noor","course_id":"nodejs","quiz_date":"1-3-23"}],"applicationId":"14","eventId":"1","notificationTypeId":"2"} and req params {"tags":[{"user_name":"noor","course_id":"nodejs","quiz_date":"1-3-23"},{"user_name":"noor","course_id":"nodejs","quiz_date":"1-3-23"}],"applicationId":"14","eventId":"1","notificationTypeId":"2"}`,
  traceId: '-1',
  timestamp: '2023-08-06T03:26:22.973Z'
}
{
  level: 'error',
  message: `Cannot read property 'replace' of undefined Error received with request body {"tags":[{"user_name":"noor","course_id":"nodejs","quiz_date":"1-3-23"},{"user_name":"noor","course_id":"nodejs","quiz_date":"1-3-23"}],"applicationId":"14","eventId":"1","notificationTypeId":"2"} and req params {"tags":[{"user_name":"noor","course_id":"nodejs","quiz_date":"1-3-23"},{"user_name":"noor","course_id":"nodejs","quiz_date":"1-3-23"}],"applicationId":"14","eventId":"1","notificationTypeId":"2"}`,
  traceId: '-1',
  timestamp: '2023-08-06T03:29:05.950Z'
}
{
  level: 'error',
  message: 'The query is empty Error received with request body {"tags":[{"user_name":"noor","course_id":"nodejs"},{"user_name":"noor","course_id":"nodejs","quiz_date":"1-3-23"}],"applicationId":"14","eventId":"1","notificationTypeId":"2"} and req params {"tags":[{"user_name":"noor","course_id":"nodejs"},{"user_name":"noor","course_id":"nodejs","quiz_date":"1-3-23"}],"applicationId":"14","eventId":"1","notificationTypeId":"2"}',
  traceId: '-1',
  timestamp: '2023-08-06T03:37:48.904Z'
}
{
  level: 'error',
  message: 'update "notificationType" set "name" = $1, "description" = $2, "eventId" = $3, "templateSubject" = $4, "templateBody" = $5, "tags" = $6, "modifiedBy" = $7, "modifiedDate" = $8 where "id" = $9 returning * - invalid input syntax for type integer: "2ui" Error received with request body {"name":"A12p1","description":"des78888888888888888888888888888888378244444444891247826482764 fbjwehdv mmm","eventId":"1","templateSubject":"Subject1212","templateBody":"Dear {user_na343}, {course_id} sjdksdhjshdkjsf {quiz_date}"} and req params {"name":"A12p1","description":"des78888888888888888888888888888888378244444444891247826482764 fbjwehdv mmm","eventId":"1","templateSubject":"Subject1212","templateBody":"Dear {user_na343}, {course_id} sjdksdhjshdkjsf {quiz_date}"}',
  traceId: '-1',
  timestamp: '2023-08-06T03:39:55.321Z'
}
{
  level: 'error',
  message: 'insert into "message" ("createdBy", "createdDate", "isActive", "message", "modifiedBy", "modifiedDate") values ($1, $2, $3, $4, $5, $6), ($7, $8, $9, $10, $11, $12) returning * - column "message" of relation "message" does not exist Error received with request body {"tags":[{"user_name":"noor","course_id":"nodejs","quiz_date":"1-3-23"},{"user_name":"noor","course_id":"nodejs","quiz_date":"1-3-23"}],"applicationId":"14","eventId":"1","notificationTypeId":"2"} and req params {"tags":[{"user_name":"noor","course_id":"nodejs","quiz_date":"1-3-23"},{"user_name":"noor","course_id":"nodejs","quiz_date":"1-3-23"}],"applicationId":"14","eventId":"1","notificationTypeId":"2"}',
  traceId: '-1',
  timestamp: '2023-08-06T03:52:04.235Z'
}
{
  level: 'error',
  message: 'insert into "message" ("createdBy", "createdDate", "isActive", "message", "modifiedBy", "modifiedDate") values ($1, $2, $3, $4, $5, $6), ($7, $8, $9, $10, $11, $12) returning * - column "message" of relation "message" does not exist Error received with request body {"tags":[{"user_name":"noor","course_id":"nodejs","quiz_date":"1-3-23"},{"user_name":"noor","course_id":"nodejs","quiz_date":"1-3-23"}],"applicationId":"14","eventId":"1","notificationTypeId":"2"} and req params {"tags":[{"user_name":"noor","course_id":"nodejs","quiz_date":"1-3-23"},{"user_name":"noor","course_id":"nodejs","quiz_date":"1-3-23"}],"applicationId":"14","eventId":"1","notificationTypeId":"2"}',
  traceId: '-1',
  timestamp: '2023-08-06T03:52:12.756Z'
}
{
  level: 'error',
  message: 'connect ECONNREFUSED 127.0.0.1:5432 Error received with request body {"email":"noor@gmail3q89891.com","password":"123422"} and req params {"email":"noor@gmail3q89891.com","password":"123422"}',
  traceId: '-1',
  timestamp: '2023-09-10T03:25:27.591Z'
}
{
  level: 'error',
  message: 'connect ECONNREFUSED 127.0.0.1:5432 Error received with request body {"email":"noor@gmail3q89891.com","password":"123422"} and req params {"email":"noor@gmail3q89891.com","password":"123422"}',
  traceId: '-1',
  timestamp: '2023-09-10T03:26:28.031Z'
}
{
  level: 'error',
  message: 'connect ECONNREFUSED 127.0.0.1:5432 Error received with request body {"email":"noor@gmail3q89891.com","password":"123422"} and req params {"email":"noor@gmail3q89891.com","password":"123422"}',
  traceId: '-1',
  timestamp: '2023-09-10T03:26:59.730Z'
}
{
  level: 'error',
  message: 'Application validation failed: createdBy: Password is Required Error received with request body {"name":"A12p1","description":"descriptionkjkmmmmmmmmmmmmmmmmmmmmmmmmmmm","code":"cs101"} and req params {"name":"A12p1","description":"descriptionkjkmmmmmmmmmmmmmmmmmmmmmmmmmmm","code":"cs101"}',
  traceId: '-1',
  timestamp: '2023-09-10T03:29:10.199Z'
}
{
  level: 'error',
  message: 'Application validation failed: createdBy: Password is Required Error received with request body {"name":"A12p1","description":"descriptionkjkmmmmmmmmmmmmmmmmmmmmmmmmmmm","code":"cs101"} and req params {"name":"A12p1","description":"descriptionkjkmmmmmmmmmmmmmmmmmmmmmmmmmmm","code":"cs101"}',
  traceId: '-1',
  timestamp: '2023-09-10T03:32:05.281Z'
}
{
  level: 'error',
  message: 'Application validation failed: createdBy: Created by is Required Error received with request body {"name":"A12p1","description":"descriptionkjkmmmmmmmmmmmmmmmmmmmmmmmmmmm","code":"cs101"} and req params {"name":"A12p1","description":"descriptionkjkmmmmmmmmmmmmmmmmmmmmmmmmmmm","code":"cs101"}',
  traceId: '-1',
  timestamp: '2023-09-10T03:32:47.948Z'
}
{
  level: 'error',
  message: 'Application validation failed: createdBy: Created by is Required Error received with request body {"name":"A12p1","description":"descriptionkjkmmmmmmmmmmmmmmmmmmmmmmmmmmm","code":"cs101"} and req params {"name":"A12p1","description":"descriptionkjkmmmmmmmmmmmmmmmmmmmmmmmmmmm","code":"cs101"}',
  traceId: '-1',
  timestamp: '2023-09-10T03:34:45.765Z'
}
{
  level: 'error',
  message: 'pageSize is not defined Error received with request body {} and req params {}',
  traceId: '-1',
  timestamp: '2023-09-11T01:09:44.507Z'
}
{
  level: 'error',
  message: 'queryParams is not defined Error received with request body {"name":"A12p1","description":"descriptionkjkmmmmmmmmmmmmmmmmmmmmmmmmmmm","code":"cs101"} and req params {"name":"A12p1","description":"descriptionkjkmmmmmmmmmmmmmmmmmmmmmmmmmmm","code":"cs101"}',
  traceId: '-1',
  timestamp: '2023-09-11T01:17:20.489Z'
}
{
  level: 'error',
  message: 'Application.find(...).first is not a function Error received with request body {"name":"A12p1","description":"descriptionkjkmmmmmmmmmmmmmmmmmmmmmmmmmmm","code":"cs101"} and req params {"name":"A12p1","description":"descriptionkjkmmmmmmmmmmmmmmmmmmmmmmmmmmm","code":"cs101"}',
  traceId: '-1',
  timestamp: '2023-09-11T01:18:15.438Z'
}
{
  level: 'error',
  message: 'Unexpected token } in JSON at position 127 Error received with request body {} and req params {}',
  traceId: '-1',
  timestamp: '2023-09-11T01:47:30.837Z'
}
{
  level: 'error',
  message: 'Unexpected token } in JSON at position 127 Error received with request body {} and req params {}',
  traceId: '-1',
  timestamp: '2023-09-11T01:47:45.306Z'
}
